<?xml version="1.0" encoding="UTF-8"?>
<testsuite xmlns:xsi="http://www.w3.org/2001/XMLSchema-instance" xsi:noNamespaceSchemaLocation="https://maven.apache.org/surefire/maven-surefire-plugin/xsd/surefire-test-report-3.0.xsd" version="3.0" name="com.mycompany.session2b.EmpleadoTest" time="0.067" tests="12" errors="0" skipped="0" failures="0">
  <properties>
[...]
</properties>
  <testcase name="bruta_vendedor_1499_prima100" classname="com.mycompany.session2b.EmpleadoTest" time="0.03"/>
  <testcase name="bruta_vendedor_1000_prima100" classname="com.mycompany.session2b.EmpleadoTest" time="0.001"/>
  <testcase name="bruta_vendedor_1500_prima200" classname="com.mycompany.session2b.EmpleadoTest" time="0.0"/>
  <testcase name="bruta_encargado_999_sin_prima" classname="com.mycompany.session2b.EmpleadoTest" time="0.003"/>
  <testcase name="neta_2099_sin_retencion" classname="com.mycompany.session2b.EmpleadoTest" time="0.001"/>
  <testcase name="neta_2500_retencion_18" classname="com.mycompany.session2b.EmpleadoTest" time="0.0"/>
  <testcase name="bruta_encargado_1499_prima100_y_1horaExtra" classname="com.mycompany.session2b.EmpleadoTest" time="0.0"/>
  <testcase name="bruta_encargado_1000_prima100" classname="com.mycompany.session2b.EmpleadoTest" time="0.001"/>
  <testcase name="neta_2499_retencion_15" classname="com.mycompany.session2b.EmpleadoTest" time="0.001"/>
  <testcase name="bruta_vendedor_999_sin_prima" classname="com.mycompany.session2b.EmpleadoTest" time="0.001"/>
  <testcase name="bruta_encargado_1500_prima200" classname="com.mycompany.session2b.EmpleadoTest" time="0.001"/>
  <testcase name="neta_2100_retencion_15" classname="com.mycompany.session2b.EmpleadoTest" time="0.0"/>
</testsuite>